2016/11/09 08:49:25 INFO  - jmeter.util.JMeterUtils: Setting Locale to en_GB 
2016/11/09 08:49:26 INFO  - jmeter.JMeter: Loading user properties from: /Users/cs24/bin/apache-jmeter-3.0/bin/user.properties 
2016/11/09 08:49:26 INFO  - jmeter.JMeter: Loading system properties from: /Users/cs24/bin/apache-jmeter-3.0/bin/system.properties 
2016/11/09 08:49:26 INFO  - jmeter.JMeter: Copyright (c) 1998-2016 The Apache Software Foundation 
2016/11/09 08:49:26 INFO  - jmeter.JMeter: Version 3.0 r1743807 
2016/11/09 08:49:26 INFO  - jmeter.JMeter: java.version=1.8.0_101 
2016/11/09 08:49:26 INFO  - jmeter.JMeter: java.vm.name=Java HotSpot(TM) 64-Bit Server VM 
2016/11/09 08:49:26 INFO  - jmeter.JMeter: os.name=Mac OS X 
2016/11/09 08:49:26 INFO  - jmeter.JMeter: os.arch=x86_64 
2016/11/09 08:49:26 INFO  - jmeter.JMeter: os.version=10.10.5 
2016/11/09 08:49:26 INFO  - jmeter.JMeter: file.encoding=UTF-8 
2016/11/09 08:49:26 INFO  - jmeter.JMeter: Max memory     =514850816 
2016/11/09 08:49:26 INFO  - jmeter.JMeter: Available Processors =4 
2016/11/09 08:49:26 INFO  - jmeter.JMeter: Default Locale=English (United Kingdom) 
2016/11/09 08:49:26 INFO  - jmeter.JMeter: JMeter  Locale=English (United Kingdom) 
2016/11/09 08:49:26 INFO  - jmeter.JMeter: JMeterHome=/Users/cs24/bin/apache-jmeter-3.0 
2016/11/09 08:49:26 INFO  - jmeter.JMeter: user.dir  =/Users/cs24/projects/aker/eve_materials 
2016/11/09 08:49:26 INFO  - jmeter.JMeter: PWD       =/Users/cs24/projects/aker/eve_materials 
2016/11/09 08:49:26 INFO  - jmeter.JMeter: IP: 172.19.128.75 Name: mib105403i FullName: mib105403i.internal.sanger.ac.uk 
2016/11/09 08:49:30 INFO  - jmeter.gui.action.LookAndFeelCommand: Using look and feel: com.apple.laf.AquaLookAndFeel [Mac OS X, System] 
2016/11/09 08:49:30 INFO  - jmeter.JMeter: Loaded icon properties from org/apache/jmeter/images/icon.properties 
2016/11/09 08:49:53 INFO  - jmeter.engine.util.CompoundVariable: Note: Function class names must contain the string: '.functions.' 
2016/11/09 08:49:53 INFO  - jmeter.engine.util.CompoundVariable: Note: Function class names must not contain the string: '.gui.' 
2016/11/09 08:49:55 INFO  - jmeter.util.BSFTestElement: Registering JMeter version of JavaScript engine as work-round for BSF-22 
2016/11/09 08:49:57 INFO  - jmeter.protocol.http.sampler.HTTPSamplerBase: Parser for text/html is org.apache.jmeter.protocol.http.parser.LagartoBasedHtmlParser 
2016/11/09 08:49:57 INFO  - jmeter.protocol.http.sampler.HTTPSamplerBase: Parser for application/xhtml+xml is org.apache.jmeter.protocol.http.parser.LagartoBasedHtmlParser 
2016/11/09 08:49:57 INFO  - jmeter.protocol.http.sampler.HTTPSamplerBase: Parser for application/xml is org.apache.jmeter.protocol.http.parser.LagartoBasedHtmlParser 
2016/11/09 08:49:57 INFO  - jmeter.protocol.http.sampler.HTTPSamplerBase: Parser for text/xml is org.apache.jmeter.protocol.http.parser.LagartoBasedHtmlParser 
2016/11/09 08:49:57 INFO  - jmeter.protocol.http.sampler.HTTPSamplerBase: Parser for text/vnd.wap.wml is org.apache.jmeter.protocol.http.parser.RegexpHTMLParser 
2016/11/09 08:49:57 INFO  - jmeter.protocol.http.sampler.HTTPSamplerBase: Parser for text/css is org.apache.jmeter.protocol.http.parser.CssParser 
2016/11/09 08:49:58 INFO  - jorphan.exec.KeyToolUtils: keytool found at 'keytool' 
2016/11/09 08:49:58 INFO  - jmeter.protocol.http.proxy.ProxyControl: HTTP(S) Test Script Recorder SSL Proxy will use keys that support embedded 3rd party resources in file /Users/cs24/bin/apache-jmeter-3.0/bin/proxyserver.jks 
2016/11/09 08:49:58 INFO  - jmeter.gui.util.MenuFactory: Skipping org.apache.jmeter.protocol.mongodb.config.MongoSourceElement 
2016/11/09 08:49:58 INFO  - jmeter.gui.util.MenuFactory: Skipping org.apache.jmeter.protocol.mongodb.sampler.MongoScriptSampler 
2016/11/09 08:49:59 INFO  - jmeter.gui.util.MenuFactory: Skipping org.apache.jmeter.visualizers.DistributionGraphVisualizer 
2016/11/09 08:49:59 INFO  - jmeter.samplers.SampleResult: Note: Sample TimeStamps are START times 
2016/11/09 08:49:59 INFO  - jmeter.samplers.SampleResult: sampleresult.default.encoding is set to ISO-8859-1 
2016/11/09 08:49:59 INFO  - jmeter.samplers.SampleResult: sampleresult.useNanoTime=true 
2016/11/09 08:49:59 INFO  - jmeter.samplers.SampleResult: sampleresult.nanoThreadSleep=5000 
2016/11/09 08:49:59 INFO  - jmeter.gui.util.MenuFactory: Skipping org.apache.jmeter.visualizers.SplineVisualizer 
2016/11/09 08:50:18 INFO  - jmeter.services.FileServer: Default base='/Users/cs24/projects/aker/eve_materials' 
2016/11/09 08:50:18 INFO  - jmeter.gui.action.Load: Loading file: /Users/cs24/Desktop/HTTP Request Defaults.jmx 
2016/11/09 08:50:18 INFO  - jmeter.services.FileServer: Set new base='/Users/cs24/Desktop' 
2016/11/09 08:50:19 INFO  - jmeter.save.SaveService: Testplan (JMX) version: 2.2. Testlog (JTL) version: 2.2 
2016/11/09 08:50:19 INFO  - jmeter.save.SaveService: Using SaveService properties file encoding UTF-8 
2016/11/09 08:50:19 INFO  - jmeter.save.SaveService: Using SaveService properties version 2.9 
2016/11/09 08:50:19 INFO  - jmeter.save.SaveService: All converter versions present and correct 
2016/11/09 08:50:19 INFO  - jmeter.save.SaveService: Loading file: /Users/cs24/Desktop/HTTP Request Defaults.jmx 
2016/11/09 08:50:19 INFO  - jmeter.services.FileServer: Set new base='/Users/cs24/Desktop' 
2016/11/09 09:06:13 INFO  - jmeter.gui.action.template.TemplateManager: Reading templates from:/Users/cs24/bin/apache-jmeter-3.0/bin/templates/templates.xml 
